<?xml version="1.0" encoding="UTF-8"?>
<!-- Generated by org.testng.reporters.JUnitXMLReporter -->
<testsuite ignored="0" hostname="DESKTOP-9HH6LIH" failures="0" tests="3" name="Default test" time="10.882" errors="0" timestamp="2024-10-11T21:22:33 IST">
  <testcase classname="TestNG_projects.DataProvider" name="fblaunch" time="2.935"/>
  <testcase classname="TestNG_projects.DataProvider" name="login" time="0.213"/>
  <testcase classname="TestNG_projects.DataProvider" name="login" time="2.237"/>
</testsuite> <!-- Default test -->
