<?xml version="1.0" encoding="UTF-8"?>
<testng-results ignored="0" total="3" passed="3" failed="0" skipped="0">
  <reporter-output>
  </reporter-output>
  <suite started-at="2024-10-11T21:22:22 IST" name="Default suite" finished-at="2024-10-11T21:22:33 IST" duration-ms="10882">
    <groups>
    </groups>
    <test started-at="2024-10-11T21:22:22 IST" name="Default test" finished-at="2024-10-11T21:22:33 IST" duration-ms="10882">
      <class name="TestNG_projects.DataProvider">
        <test-method is-config="true" signature="fblaunch()[pri:0, instance:TestNG_projects.DataProvider@6f1de4c7]" started-at="2024-10-11T21:22:22 IST" name="fblaunch" finished-at="2024-10-11T21:22:27 IST" duration-ms="5452" status="PASS">
          <reporter-output>
          </reporter-output>
        </test-method> <!-- fblaunch -->
        <test-method signature="fblaunch()[pri:0, instance:TestNG_projects.DataProvider@6f1de4c7]" started-at="2024-10-11T21:22:27 IST" name="fblaunch" finished-at="2024-10-11T21:22:30 IST" duration-ms="2935" status="PASS">
          <reporter-output>
          </reporter-output>
        </test-method> <!-- fblaunch -->
        <test-method signature="login(java.lang.String,java.lang.String)[pri:0, instance:TestNG_projects.DataProvider@6f1de4c7]" started-at="2024-10-11T21:22:30 IST" name="login" data-provider="userdetails" finished-at="2024-10-11T21:22:31 IST" duration-ms="213" status="PASS">
          <params>
            <param index="0">
              <value>
                <![CDATA[aslam]]>
              </value>
            </param>
            <param index="1">
              <value>
                <![CDATA[2345]]>
              </value>
            </param>
          </params>
          <reporter-output>
          </reporter-output>
        </test-method> <!-- login -->
        <test-method signature="login(java.lang.String,java.lang.String)[pri:0, instance:TestNG_projects.DataProvider@6f1de4c7]" started-at="2024-10-11T21:22:31 IST" name="login" data-provider="userdetails" finished-at="2024-10-11T21:22:33 IST" duration-ms="2237" status="PASS">
          <params>
            <param index="0">
              <value>
                <![CDATA[dfghj]]>
              </value>
            </param>
            <param index="1">
              <value>
                <![CDATA[45678]]>
              </value>
            </param>
          </params>
          <reporter-output>
          </reporter-output>
        </test-method> <!-- login -->
      </class> <!-- TestNG_projects.DataProvider -->
    </test> <!-- Default test -->
  </suite> <!-- Default suite -->
</testng-results>
